<?xml version="1.0" encoding="UTF-8" ?>
<testsuite tests="2" failures="0" name="org.ff4j.test.AuditTrailTest" time="0.847" errors="0" skipped="0">
  <properties>
    <property name="java.runtime.name" value="Java(TM) SE Runtime Environment"/>
    <property name="sun.boot.library.path" value="C:\clu\apps\jdk8\jre\bin"/>
    <property name="java.vm.version" value="25.73-b02"/>
    <property name="java.vm.vendor" value="Oracle Corporation"/>
    <property name="java.vendor.url" value="http://java.oracle.com/"/>
    <property name="path.separator" value=";"/>
    <property name="java.vm.name" value="Java HotSpot(TM) 64-Bit Server VM"/>
    <property name="file.encoding.pkg" value="sun.io"/>
    <property name="user.script" value=""/>
    <property name="user.country" value="FR"/>
    <property name="sun.java.launcher" value="SUN_STANDARD"/>
    <property name="sun.os.patch.level" value=""/>
    <property name="java.vm.specification.name" value="Java Virtual Machine Specification"/>
    <property name="user.dir" value="C:\clu\dev\workspace-ff4j\ff4j-extra\ff4j-samples\ff4j-sample-web"/>
    <property name="java.runtime.version" value="1.8.0_73-b02"/>
    <property name="java.awt.graphicsenv" value="sun.awt.Win32GraphicsEnvironment"/>
    <property name="basedir" value="C:\clu\dev\workspace-ff4j\ff4j-extra\ff4j-samples\ff4j-sample-web"/>
    <property name="java.endorsed.dirs" value="C:\clu\apps\jdk8\jre\lib\endorsed"/>
    <property name="os.arch" value="amd64"/>
    <property name="java.io.tmpdir" value="C:\Users\CEL\AppData\Local\Temp\"/>
    <property name="line.separator" value="
"/>
    <property name="java.vm.specification.vendor" value="Oracle Corporation"/>
    <property name="user.variant" value=""/>
    <property name="os.name" value="Windows 10"/>
    <property name="sun.jnu.encoding" value="Cp1252"/>
    <property name="java.library.path" value="C:\clu\apps\jdk8\jre\bin;C:\Windows\Sun\Java\bin;C:\Windows\system32;C:\Windows;C:\Program Files\Docker\Docker\Resources\bin;C:\ProgramData\Oracle\Java\javapath;C:\Program Files\Dell\DW WLAN Card;C:\Program Files (x86)\Intel\iCLS Client\;C:\Program Files\Intel\iCLS Client\;C:\Windows\system32;C:\Windows;C:\Windows\System32\Wbem;C:\Windows\System32\WindowsPowerShell\v1.0\;C:\Program Files (x86)\Intel\Intel(R) Management Engine Components\DAL;C:\Program Files\Intel\Intel(R) Management Engine Components\DAL;C:\Program Files (x86)\Intel\Intel(R) Management Engine Components\IPT;C:\Program Files\Intel\Intel(R) Management Engine Components\IPT;C:\Program Files\WIDCOMM\Bluetooth Software\;C:\Program Files\WIDCOMM\Bluetooth Software\syswow64;C:\Program Files (x86)\NVIDIA Corporation\PhysX\Common;C:\Windows\SysWOW64\Empirum;C:\Program Files\Git\cmd;C:\Program Files\Git\mingw64\bin;C:\clu\apps\apache-maven-3.3.9\bin;C:\Windows\system32\config\systemprofile\.dnx\bin;C:\Program Files\Microsoft DNX\Dnvm\;C:\clu\apps\nodejs-4.4\;C:\Program Files (x86)\Heroku\bin;C:\Program Files (x86)\git\cmd;C:\Program Files (x86)\Git\cmd;C:\Program Files\TortoiseSVN\bin;C:\Program Files\OpenVPN\bin;C:\clu\apps\OpenVPN\bin;C:\clu\apps\Python-2.7;C:\Users\CEL\AppData\Local\Programs\Python\Python36-32\Scripts\;C:\Users\CEL\AppData\Local\Programs\Python\Python36-32\;C:\Users\CEL\AppData\Roaming\npm;."/>
    <property name="surefire.test.class.path" value="C:\clu\dev\workspace-ff4j\ff4j-extra\ff4j-samples\ff4j-sample-web\target\test-classes;C:\clu\dev\workspace-ff4j\ff4j-extra\ff4j-samples\ff4j-sample-web\target\classes;C:\clu\dev\maven-repository\org\ff4j\ff4j-web\1.5.2-SNAPSHOT\ff4j-web-1.5.2-SNAPSHOT.jar;C:\clu\dev\maven-repository\org\ff4j\ff4j-core\1.5.2-SNAPSHOT\ff4j-core-1.5.2-SNAPSHOT.jar;C:\clu\dev\maven-repository\org\slf4j\jcl-over-slf4j\1.7.7\jcl-over-slf4j-1.7.7.jar;C:\clu\dev\maven-repository\commons-io\commons-io\2.4\commons-io-2.4.jar;C:\clu\dev\maven-repository\commons-fileupload\commons-fileupload\1.3.1\commons-fileupload-1.3.1.jar;C:\clu\dev\maven-repository\javax\servlet\servlet-api\2.5\servlet-api-2.5.jar;C:\clu\dev\maven-repository\javax\servlet\jsp\jsp-api\2.2\jsp-api-2.2.jar;C:\clu\dev\maven-repository\javax\servlet\jstl\1.2\jstl-1.2.jar;C:\clu\dev\maven-repository\taglibs\standard\1.1.2\standard-1.1.2.jar;C:\clu\dev\maven-repository\org\thymeleaf\thymeleaf\2.1.4.RELEASE\thymeleaf-2.1.4.RELEASE.jar;C:\clu\dev\maven-repository\ognl\ognl\3.0.8\ognl-3.0.8.jar;C:\clu\dev\maven-repository\org\javassist\javassist\3.18.1-GA\javassist-3.18.1-GA.jar;C:\clu\dev\maven-repository\org\unbescape\unbescape\1.1.0.RELEASE\unbescape-1.1.0.RELEASE.jar;C:\clu\dev\maven-repository\org\slf4j\slf4j-api\1.7.7\slf4j-api-1.7.7.jar;C:\clu\dev\maven-repository\org\springframework\spring-web\4.2.3.RELEASE\spring-web-4.2.3.RELEASE.jar;C:\clu\dev\maven-repository\org\springframework\spring-aop\4.2.3.RELEASE\spring-aop-4.2.3.RELEASE.jar;C:\clu\dev\maven-repository\aopalliance\aopalliance\1.0\aopalliance-1.0.jar;C:\clu\dev\maven-repository\org\springframework\spring-beans\4.2.3.RELEASE\spring-beans-4.2.3.RELEASE.jar;C:\clu\dev\maven-repository\org\springframework\spring-context\4.2.3.RELEASE\spring-context-4.2.3.RELEASE.jar;C:\clu\dev\maven-repository\org\springframework\spring-expression\4.2.4.RELEASE\spring-expression-4.2.4.RELEASE.jar;C:\clu\dev\maven-repository\org\springframework\spring-core\4.2.3.RELEASE\spring-core-4.2.3.RELEASE.jar;C:\clu\dev\maven-repository\commons-logging\commons-logging\1.2\commons-logging-1.2.jar;C:\clu\dev\maven-repository\ch\qos\logback\logback-classic\1.1.2\logback-classic-1.1.2.jar;C:\clu\dev\maven-repository\ch\qos\logback\logback-core\1.1.2\logback-core-1.1.2.jar;C:\clu\dev\maven-repository\javax\servlet\javax.servlet-api\3.1.0\javax.servlet-api-3.1.0.jar;C:\clu\dev\maven-repository\com\sun\jersey\jersey-json\1.19\jersey-json-1.19.jar;C:\clu\dev\maven-repository\org\codehaus\jettison\jettison\1.1\jettison-1.1.jar;C:\clu\dev\maven-repository\org\codehaus\jackson\jackson-core-asl\1.9.2\jackson-core-asl-1.9.2.jar;C:\clu\dev\maven-repository\org\codehaus\jackson\jackson-mapper-asl\1.9.2\jackson-mapper-asl-1.9.2.jar;C:\clu\dev\maven-repository\org\codehaus\jackson\jackson-jaxrs\1.9.2\jackson-jaxrs-1.9.2.jar;C:\clu\dev\maven-repository\org\codehaus\jackson\jackson-xc\1.9.2\jackson-xc-1.9.2.jar;C:\clu\dev\maven-repository\com\sun\jersey\jersey-core\1.19\jersey-core-1.19.jar;C:\clu\dev\maven-repository\javax\ws\rs\jsr311-api\1.1.1\jsr311-api-1.1.1.jar;C:\clu\dev\maven-repository\com\sun\jersey\contribs\jersey-spring\1.19\jersey-spring-1.19.jar;C:\clu\dev\maven-repository\com\sun\jersey\jersey-servlet\1.19\jersey-servlet-1.19.jar;C:\clu\dev\maven-repository\com\sun\jersey\jersey-server\1.19\jersey-server-1.19.jar;C:\clu\dev\maven-repository\org\fusesource\jansi\jansi\1.11\jansi-1.11.jar;C:\clu\dev\maven-repository\junit\junit\4.12\junit-4.12.jar;C:\clu\dev\maven-repository\org\hamcrest\hamcrest-core\1.3\hamcrest-core-1.3.jar;"/>
    <property name="java.specification.name" value="Java Platform API Specification"/>
    <property name="java.class.version" value="52.0"/>
    <property name="sun.management.compiler" value="HotSpot 64-Bit Tiered Compilers"/>
    <property name="os.version" value="10.0"/>
    <property name="user.home" value="C:\Users\CEL"/>
    <property name="user.timezone" value="Europe/Paris"/>
    <property name="java.awt.printerjob" value="sun.awt.windows.WPrinterJob"/>
    <property name="java.specification.version" value="1.8"/>
    <property name="file.encoding" value="Cp1252"/>
    <property name="user.name" value="CEL"/>
    <property name="java.class.path" value="C:\clu\dev\workspace-ff4j\ff4j-extra\ff4j-samples\ff4j-sample-web\target\surefire\surefirebooter3051178626922669468.jar;C:\\clu\\dev\\maven-repository\\org\\jacoco\\org.jacoco.agent\\0.7.5.201505241946\\org.jacoco.agent-0.7.5.201505241946-runtime.jar"/>
    <property name="java.vm.specification.version" value="1.8"/>
    <property name="sun.arch.data.model" value="64"/>
    <property name="java.home" value="C:\clu\apps\jdk8\jre"/>
    <property name="sun.java.command" value="C:\clu\dev\workspace-ff4j\ff4j-extra\ff4j-samples\ff4j-sample-web\target\surefire\surefirebooter3051178626922669468.jar C:\clu\dev\workspace-ff4j\ff4j-extra\ff4j-samples\ff4j-sample-web\target\surefire\surefire7252131189150480893tmp C:\clu\dev\workspace-ff4j\ff4j-extra\ff4j-samples\ff4j-sample-web\target\surefire\surefire5688970899022755716tmp"/>
    <property name="java.specification.vendor" value="Oracle Corporation"/>
    <property name="user.language" value="fr"/>
    <property name="awt.toolkit" value="sun.awt.windows.WToolkit"/>
    <property name="java.vm.info" value="mixed mode"/>
    <property name="java.version" value="1.8.0_73"/>
    <property name="java.ext.dirs" value="C:\clu\apps\jdk8\jre\lib\ext;C:\Windows\Sun\Java\lib\ext"/>
    <property name="sun.boot.class.path" value="C:\clu\apps\jdk8\jre\lib\resources.jar;C:\clu\apps\jdk8\jre\lib\rt.jar;C:\clu\apps\jdk8\jre\lib\sunrsasign.jar;C:\clu\apps\jdk8\jre\lib\jsse.jar;C:\clu\apps\jdk8\jre\lib\jce.jar;C:\clu\apps\jdk8\jre\lib\charsets.jar;C:\clu\apps\jdk8\jre\lib\jfr.jar;C:\clu\apps\jdk8\jre\classes"/>
    <property name="java.vendor" value="Oracle Corporation"/>
    <property name="localRepository" value="C:\clu\dev\maven-repository"/>
    <property name="file.separator" value="\"/>
    <property name="java.vendor.url.bug" value="http://bugreport.sun.com/bugreport/"/>
    <property name="sun.cpu.endian" value="little"/>
    <property name="sun.io.unicode.encoding" value="UnicodeLittle"/>
    <property name="sun.desktop" value="windows"/>
    <property name="sun.cpu.isalist" value="amd64"/>
  </properties>
  <testcase classname="org.ff4j.test.AuditTrailTest" name="testAudit" time="0.61"/>
  <testcase classname="org.ff4j.test.AuditTrailTest" name="testSparkTimeSeries" time="0.112"/>
</testsuite>